<?xml version="1.0" encoding="UTF-8"?>
<coverage generated="1584753742886" clover="3.2.0">
  <project timestamp="1584753742886" name="All files">
    <metrics statements="83" coveredstatements="59" conditionals="4" coveredconditionals="2" methods="18" coveredmethods="10" elements="105" coveredelements="71" complexity="0" loc="83" ncloc="83" packages="3" files="12" classes="12"/>
    <package name="client.components">
      <metrics statements="45" coveredstatements="22" conditionals="4" coveredconditionals="2" methods="14" coveredmethods="7"/>
      <file name="App.jsx" path="/Users/alexmitchell/Desktop/reviews-service/client/components/App.jsx">
        <metrics statements="19" coveredstatements="8" conditionals="2" coveredconditionals="0" methods="5" coveredmethods="3"/>
        <line num="10" count="1" type="stmt"/>
        <line num="11" count="1" type="stmt"/>
        <line num="15" count="1" type="stmt"/>
        <line num="16" count="1" type="stmt"/>
        <line num="20" count="1" type="stmt"/>
        <line num="21" count="1" type="stmt"/>
        <line num="22" count="0" type="stmt"/>
        <line num="23" count="0" type="stmt"/>
        <line num="27" count="0" type="stmt"/>
        <line num="28" count="0" type="cond" truecount="0" falsecount="2"/>
        <line num="29" count="0" type="stmt"/>
        <line num="34" count="0" type="stmt"/>
        <line num="35" count="0" type="stmt"/>
        <line num="36" count="0" type="stmt"/>
        <line num="37" count="0" type="stmt"/>
        <line num="38" count="0" type="stmt"/>
        <line num="42" count="0" type="stmt"/>
        <line num="46" count="1" type="stmt"/>
        <line num="47" count="1" type="stmt"/>
      </file>
      <file name="Header.jsx" path="/Users/alexmitchell/Desktop/reviews-service/client/components/Header.jsx">
        <metrics statements="3" coveredstatements="1" conditionals="0" coveredconditionals="0" methods="1" coveredmethods="0"/>
        <line num="3" count="1" type="stmt"/>
        <line num="4" count="0" type="stmt"/>
        <line num="5" count="0" type="stmt"/>
      </file>
      <file name="RatingBar.jsx" path="/Users/alexmitchell/Desktop/reviews-service/client/components/RatingBar.jsx">
        <metrics statements="2" coveredstatements="1" conditionals="0" coveredconditionals="0" methods="1" coveredmethods="0"/>
        <line num="3" count="1" type="stmt"/>
        <line num="4" count="0" type="stmt"/>
      </file>
      <file name="RatingsList.jsx" path="/Users/alexmitchell/Desktop/reviews-service/client/components/RatingsList.jsx">
        <metrics statements="5" coveredstatements="5" conditionals="2" coveredconditionals="2" methods="2" coveredmethods="2"/>
        <line num="4" count="1" type="stmt"/>
        <line num="5" count="1" type="stmt"/>
        <line num="6" count="1" type="stmt"/>
        <line num="9" count="7" type="cond" truecount="2" falsecount="0"/>
        <line num="10" count="6" type="stmt"/>
      </file>
      <file name="RatingsListItem.jsx" path="/Users/alexmitchell/Desktop/reviews-service/client/components/RatingsListItem.jsx">
        <metrics statements="3" coveredstatements="1" conditionals="0" coveredconditionals="0" methods="1" coveredmethods="0"/>
        <line num="4" count="1" type="stmt"/>
        <line num="5" count="0" type="stmt"/>
        <line num="6" count="0" type="stmt"/>
      </file>
      <file name="ReviewsList.jsx" path="/Users/alexmitchell/Desktop/reviews-service/client/components/ReviewsList.jsx">
        <metrics statements="4" coveredstatements="4" conditionals="0" coveredconditionals="0" methods="2" coveredmethods="2"/>
        <line num="4" count="1" type="stmt"/>
        <line num="5" count="1" type="stmt"/>
        <line num="6" count="1" type="stmt"/>
        <line num="9" count="7" type="stmt"/>
      </file>
      <file name="ReviewsListItem.jsx" path="/Users/alexmitchell/Desktop/reviews-service/client/components/ReviewsListItem.jsx">
        <metrics statements="4" coveredstatements="1" conditionals="0" coveredconditionals="0" methods="1" coveredmethods="0"/>
        <line num="4" count="1" type="stmt"/>
        <line num="5" count="0" type="stmt"/>
        <line num="6" count="0" type="stmt"/>
        <line num="7" count="0" type="stmt"/>
      </file>
      <file name="util.js" path="/Users/alexmitchell/Desktop/reviews-service/client/components/util.js">
        <metrics statements="5" coveredstatements="1" conditionals="0" coveredconditionals="0" methods="1" coveredmethods="0"/>
        <line num="1" count="1" type="stmt"/>
        <line num="2" count="0" type="stmt"/>
        <line num="3" count="0" type="stmt"/>
        <line num="4" count="0" type="stmt"/>
        <line num="5" count="0" type="stmt"/>
      </file>
    </package>
    <package name="database">
      <metrics statements="37" coveredstatements="36" conditionals="0" coveredconditionals="0" methods="4" coveredmethods="3"/>
      <file name="RoomAndReview.js" path="/Users/alexmitchell/Desktop/reviews-service/database/RoomAndReview.js">
        <metrics statements="7" coveredstatements="7" conditionals="0" coveredconditionals="0" methods="0" coveredmethods="0"/>
        <line num="1" count="1" type="stmt"/>
        <line num="2" count="1" type="stmt"/>
        <line num="4" count="1" type="stmt"/>
        <line num="17" count="1" type="stmt"/>
        <line num="25" count="1" type="stmt"/>
        <line num="26" count="1" type="stmt"/>
        <line num="28" count="1" type="stmt"/>
      </file>
      <file name="index.js" path="/Users/alexmitchell/Desktop/reviews-service/database/index.js">
        <metrics statements="6" coveredstatements="5" conditionals="0" coveredconditionals="0" methods="1" coveredmethods="0"/>
        <line num="1" count="1" type="stmt"/>
        <line num="3" count="1" type="stmt"/>
        <line num="5" count="1" type="stmt"/>
        <line num="10" count="0" type="stmt"/>
        <line num="14" count="1" type="stmt"/>
        <line num="16" count="1" type="stmt"/>
      </file>
      <file name="util.js" path="/Users/alexmitchell/Desktop/reviews-service/database/util.js">
        <metrics statements="24" coveredstatements="24" conditionals="0" coveredconditionals="0" methods="3" coveredmethods="3"/>
        <line num="1" count="1" type="stmt"/>
        <line num="3" count="1" type="stmt"/>
        <line num="4" count="1" type="stmt"/>
        <line num="5" count="1" type="stmt"/>
        <line num="6" count="5000" type="stmt"/>
        <line num="13" count="5000" type="stmt"/>
        <line num="15" count="1" type="stmt"/>
        <line num="18" count="1" type="stmt"/>
        <line num="19" count="101" type="stmt"/>
        <line num="27" count="101" type="stmt"/>
        <line num="28" count="101" type="stmt"/>
        <line num="29" count="101" type="stmt"/>
        <line num="30" count="101" type="stmt"/>
        <line num="31" count="606" type="stmt"/>
        <line num="32" count="606" type="stmt"/>
        <line num="34" count="101" type="stmt"/>
        <line num="35" count="101" type="stmt"/>
        <line num="38" count="1" type="stmt"/>
        <line num="39" count="1" type="stmt"/>
        <line num="40" count="1" type="stmt"/>
        <line num="41" count="100" type="stmt"/>
        <line num="45" count="100" type="stmt"/>
        <line num="47" count="1" type="stmt"/>
        <line num="50" count="1" type="stmt"/>
      </file>
    </package>
    <package name="tests">
      <metrics statements="1" coveredstatements="1" conditionals="0" coveredconditionals="0" methods="0" coveredmethods="0"/>
      <file name="mockData.js" path="/Users/alexmitchell/Desktop/reviews-service/tests/mockData.js">
        <metrics statements="1" coveredstatements="1" conditionals="0" coveredconditionals="0" methods="0" coveredmethods="0"/>
        <line num="1" count="1" type="stmt"/>
      </file>
    </package>
  </project>
</coverage>
