{"/Users/alexmitchell/Desktop/reviews-service/client/components/App.jsx": {"path":"/Users/alexmitchell/Desktop/reviews-service/client/components/App.jsx","statementMap":{"0":{"start":{"line":10,"column":4},"end":{"line":10,"column":17}},"1":{"start":{"line":11,"column":4},"end":{"line":14,"column":6}},"2":{"start":{"line":18,"column":4},"end":{"line":20,"column":26}},"3":{"start":{"line":19,"column":21},"end":{"line":19,"column":44}},"4":{"start":{"line":24,"column":32},"end":{"line":24,"column":42}},"5":{"start":{"line":25,"column":4},"end":{"line":31,"column":6}}},"fnMap":{"0":{"name":"(anonymous_0)","decl":{"start":{"line":9,"column":2},"end":{"line":9,"column":3}},"loc":{"start":{"line":9,"column":21},"end":{"line":15,"column":3}},"line":9},"1":{"name":"(anonymous_1)","decl":{"start":{"line":17,"column":2},"end":{"line":17,"column":3}},"loc":{"start":{"line":17,"column":22},"end":{"line":21,"column":3}},"line":17},"2":{"name":"(anonymous_2)","decl":{"start":{"line":19,"column":12},"end":{"line":19,"column":13}},"loc":{"start":{"line":19,"column":21},"end":{"line":19,"column":44}},"line":19},"3":{"name":"(anonymous_3)","decl":{"start":{"line":23,"column":2},"end":{"line":23,"column":3}},"loc":{"start":{"line":23,"column":11},"end":{"line":32,"column":3}},"line":23}},"branchMap":{},"s":{"0":1,"1":1,"2":1,"3":0,"4":1,"5":1},"f":{"0":1,"1":1,"2":0,"3":1},"b":{},"_coverageSchema":"1a1c01bbd47fc00a2c39e90264f33305004495a9","hash":"cc0a64626566255c59c955aa666de957e4a5383a"}
,"/Users/alexmitchell/Desktop/reviews-service/client/components/Header.jsx": {"path":"/Users/alexmitchell/Desktop/reviews-service/client/components/Header.jsx","statementMap":{"0":{"start":{"line":3,"column":15},"end":{"line":12,"column":1}},"1":{"start":{"line":4,"column":21},"end":{"line":4,"column":26}},"2":{"start":{"line":6,"column":2},"end":{"line":11,"column":4}}},"fnMap":{"0":{"name":"(anonymous_0)","decl":{"start":{"line":3,"column":15},"end":{"line":3,"column":16}},"loc":{"start":{"line":3,"column":26},"end":{"line":12,"column":1}},"line":3}},"branchMap":{},"s":{"0":1,"1":0,"2":0},"f":{"0":0},"b":{},"_coverageSchema":"1a1c01bbd47fc00a2c39e90264f33305004495a9","hash":"d5f5d0e77c136d663ad3748ee3d51d8869a979ee"}
,"/Users/alexmitchell/Desktop/reviews-service/client/components/RatingsList.jsx": {"path":"/Users/alexmitchell/Desktop/reviews-service/client/components/RatingsList.jsx","statementMap":{"0":{"start":{"line":4,"column":20},"end":{"line":13,"column":1}},"1":{"start":{"line":5,"column":21},"end":{"line":5,"column":26}},"2":{"start":{"line":6,"column":2},"end":{"line":12,"column":4}},"3":{"start":{"line":9,"column":8},"end":{"line":9,"column":109}}},"fnMap":{"0":{"name":"(anonymous_0)","decl":{"start":{"line":4,"column":20},"end":{"line":4,"column":21}},"loc":{"start":{"line":4,"column":31},"end":{"line":13,"column":1}},"line":4},"1":{"name":"(anonymous_1)","decl":{"start":{"line":8,"column":31},"end":{"line":8,"column":32}},"loc":{"start":{"line":9,"column":8},"end":{"line":9,"column":109}},"line":9}},"branchMap":{},"s":{"0":1,"1":0,"2":0,"3":0},"f":{"0":0,"1":0},"b":{},"_coverageSchema":"1a1c01bbd47fc00a2c39e90264f33305004495a9","hash":"9f22b9009bef52701739b13cd31f69f200acd7c4"}
,"/Users/alexmitchell/Desktop/reviews-service/client/components/RatingsListItem.jsx": {"path":"/Users/alexmitchell/Desktop/reviews-service/client/components/RatingsListItem.jsx","statementMap":{"0":{"start":{"line":3,"column":24},"end":{"line":8,"column":1}},"1":{"start":{"line":4,"column":38},"end":{"line":4,"column":43}},"2":{"start":{"line":5,"column":2},"end":{"line":7,"column":4}}},"fnMap":{"0":{"name":"(anonymous_0)","decl":{"start":{"line":3,"column":24},"end":{"line":3,"column":25}},"loc":{"start":{"line":3,"column":35},"end":{"line":8,"column":1}},"line":3}},"branchMap":{},"s":{"0":1,"1":0,"2":0},"f":{"0":0},"b":{},"_coverageSchema":"1a1c01bbd47fc00a2c39e90264f33305004495a9","hash":"9e64d4ed1a4a146c65fbbe699b48c83c8472f8e9"}
,"/Users/alexmitchell/Desktop/reviews-service/client/components/ReviewsList.jsx": {"path":"/Users/alexmitchell/Desktop/reviews-service/client/components/ReviewsList.jsx","statementMap":{"0":{"start":{"line":4,"column":20},"end":{"line":13,"column":1}},"1":{"start":{"line":5,"column":22},"end":{"line":5,"column":27}},"2":{"start":{"line":6,"column":2},"end":{"line":12,"column":4}},"3":{"start":{"line":9,"column":8},"end":{"line":9,"column":71}}},"fnMap":{"0":{"name":"(anonymous_0)","decl":{"start":{"line":4,"column":20},"end":{"line":4,"column":21}},"loc":{"start":{"line":4,"column":31},"end":{"line":13,"column":1}},"line":4},"1":{"name":"(anonymous_1)","decl":{"start":{"line":8,"column":19},"end":{"line":8,"column":20}},"loc":{"start":{"line":9,"column":8},"end":{"line":9,"column":71}},"line":9}},"branchMap":{},"s":{"0":1,"1":0,"2":0,"3":0},"f":{"0":0,"1":0},"b":{},"_coverageSchema":"1a1c01bbd47fc00a2c39e90264f33305004495a9","hash":"4786ecb86f28bf7b97e35b126d0aaf1513a63dc4"}
,"/Users/alexmitchell/Desktop/reviews-service/client/components/ReviewsListItem.jsx": {"path":"/Users/alexmitchell/Desktop/reviews-service/client/components/ReviewsListItem.jsx","statementMap":{"0":{"start":{"line":3,"column":24},"end":{"line":16,"column":1}},"1":{"start":{"line":4,"column":21},"end":{"line":4,"column":26}},"2":{"start":{"line":5,"column":2},"end":{"line":15,"column":4}}},"fnMap":{"0":{"name":"(anonymous_0)","decl":{"start":{"line":3,"column":24},"end":{"line":3,"column":25}},"loc":{"start":{"line":3,"column":35},"end":{"line":16,"column":1}},"line":3}},"branchMap":{},"s":{"0":1,"1":0,"2":0},"f":{"0":0},"b":{},"_coverageSchema":"1a1c01bbd47fc00a2c39e90264f33305004495a9","hash":"3d5aa46f4730bb7a4327908b2069a4b240892dbc"}
,"/Users/alexmitchell/Desktop/reviews-service/database/RoomAndReview.js": {"path":"/Users/alexmitchell/Desktop/reviews-service/database/RoomAndReview.js","statementMap":{"0":{"start":{"line":1,"column":17},"end":{"line":1,"column":36}},"1":{"start":{"line":3,"column":19},"end":{"line":14,"column":2}},"2":{"start":{"line":16,"column":21},"end":{"line":22,"column":2}},"3":{"start":{"line":24,"column":13},"end":{"line":24,"column":47}},"4":{"start":{"line":25,"column":15},"end":{"line":25,"column":53}},"5":{"start":{"line":27,"column":0},"end":{"line":30,"column":2}}},"fnMap":{},"branchMap":{},"s":{"0":1,"1":1,"2":1,"3":1,"4":1,"5":1},"f":{},"b":{},"_coverageSchema":"1a1c01bbd47fc00a2c39e90264f33305004495a9","hash":"4148a6703a888b12fba1956d381533cb5db85f24"}
,"/Users/alexmitchell/Desktop/reviews-service/database/util.js": {"path":"/Users/alexmitchell/Desktop/reviews-service/database/util.js","statementMap":{"0":{"start":{"line":1,"column":14},"end":{"line":1,"column":30}},"1":{"start":{"line":3,"column":28},"end":{"line":16,"column":1}},"2":{"start":{"line":4,"column":18},"end":{"line":4,"column":20}},"3":{"start":{"line":5,"column":2},"end":{"line":14,"column":3}},"4":{"start":{"line":5,"column":15},"end":{"line":5,"column":16}},"5":{"start":{"line":6,"column":25},"end":{"line":12,"column":5}},"6":{"start":{"line":13,"column":4},"end":{"line":13,"column":31}},"7":{"start":{"line":15,"column":2},"end":{"line":15,"column":17}},"8":{"start":{"line":18,"column":30},"end":{"line":35,"column":1}},"9":{"start":{"line":19,"column":30},"end":{"line":25,"column":3}},"10":{"start":{"line":26,"column":22},"end":{"line":26,"column":23}},"11":{"start":{"line":27,"column":15},"end":{"line":27,"column":16}},"12":{"start":{"line":28,"column":21},"end":{"line":28,"column":53}},"13":{"start":{"line":29,"column":2},"end":{"line":32,"column":3}},"14":{"start":{"line":29,"column":15},"end":{"line":29,"column":16}},"15":{"start":{"line":30,"column":4},"end":{"line":30,"column":56}},"16":{"start":{"line":31,"column":4},"end":{"line":31,"column":16}},"17":{"start":{"line":33,"column":2},"end":{"line":33,"column":55}},"18":{"start":{"line":34,"column":2},"end":{"line":34,"column":29}},"19":{"start":{"line":37,"column":25},"end":{"line":47,"column":1}},"20":{"start":{"line":38,"column":18},"end":{"line":38,"column":20}},"21":{"start":{"line":39,"column":2},"end":{"line":45,"column":3}},"22":{"start":{"line":39,"column":15},"end":{"line":39,"column":16}},"23":{"start":{"line":40,"column":23},"end":{"line":43,"column":5}},"24":{"start":{"line":44,"column":4},"end":{"line":44,"column":29}},"25":{"start":{"line":46,"column":2},"end":{"line":46,"column":17}},"26":{"start":{"line":49,"column":0},"end":{"line":53,"column":2}}},"fnMap":{"0":{"name":"(anonymous_0)","decl":{"start":{"line":3,"column":28},"end":{"line":3,"column":29}},"loc":{"start":{"line":3,"column":34},"end":{"line":16,"column":1}},"line":3},"1":{"name":"(anonymous_1)","decl":{"start":{"line":18,"column":30},"end":{"line":18,"column":31}},"loc":{"start":{"line":18,"column":36},"end":{"line":35,"column":1}},"line":18},"2":{"name":"(anonymous_2)","decl":{"start":{"line":37,"column":25},"end":{"line":37,"column":26}},"loc":{"start":{"line":37,"column":31},"end":{"line":47,"column":1}},"line":37}},"branchMap":{},"s":{"0":1,"1":1,"2":1,"3":1,"4":1,"5":5000,"6":5000,"7":1,"8":1,"9":101,"10":101,"11":101,"12":101,"13":101,"14":101,"15":505,"16":505,"17":101,"18":101,"19":1,"20":1,"21":1,"22":1,"23":100,"24":100,"25":1,"26":1},"f":{"0":1,"1":101,"2":1},"b":{},"_coverageSchema":"1a1c01bbd47fc00a2c39e90264f33305004495a9","hash":"9417e9135c0e0aa7b48ea3444b655e2883151a21"}
}
