TN:
SF:client/components/Review.jsx
FN:4,(anonymous_0)
FN:11,(anonymous_1)
FNF:2
FNH:2
FNDA:1,(anonymous_0)
FNDA:1,(anonymous_1)
DA:5,1
DA:6,1
DA:12,1
DA:13,1
LF:4
LH:4
BRF:0
BRH:0
end_of_record
TN:
SF:database/RoomAndReview.js
FNF:0
FNH:0
DA:1,1
DA:2,1
DA:4,1
DA:17,1
DA:25,1
DA:26,1
DA:28,1
LF:7
LH:7
BRF:0
BRH:0
end_of_record
TN:
SF:database/index.js
FN:9,(anonymous_0)
FNF:1
FNH:0
FNDA:0,(anonymous_0)
DA:1,1
DA:3,1
DA:5,1
DA:10,0
DA:14,1
DA:16,1
LF:6
LH:5
BRF:0
BRH:0
end_of_record
TN:
SF:database/seed.js
FN:4,(anonymous_0)
FNF:1
FNH:1
FNDA:1,(anonymous_0)
DA:1,1
DA:2,1
DA:4,1
DA:5,1
DA:6,1
DA:9,1
DA:11,1
LF:7
LH:7
BRF:0
BRH:0
end_of_record
TN:
SF:database/util.js
FN:3,(anonymous_0)
FN:18,(anonymous_1)
FN:37,(anonymous_2)
FNF:3
FNH:3
FNDA:2,(anonymous_0)
FNDA:201,(anonymous_1)
FNDA:2,(anonymous_2)
DA:1,2
DA:3,2
DA:4,2
DA:5,2
DA:6,10000
DA:13,10000
DA:15,2
DA:18,2
DA:19,201
DA:26,201
DA:27,201
DA:28,201
DA:29,201
DA:30,1005
DA:31,1005
DA:33,201
DA:34,201
DA:37,2
DA:38,2
DA:39,2
DA:40,200
DA:44,200
DA:46,2
DA:49,2
LF:24
LH:24
BRF:0
BRH:0
end_of_record
