TN:
SF:client/components/App.jsx
FN:9,(anonymous_0)
FN:20,(anonymous_1)
FN:22,(anonymous_2)
FN:26,(anonymous_3)
FN:33,(anonymous_4)
FN:45,(anonymous_5)
FNF:6
FNH:3
FNDA:1,(anonymous_0)
FNDA:1,(anonymous_1)
FNDA:0,(anonymous_2)
FNDA:0,(anonymous_3)
FNDA:0,(anonymous_4)
FNDA:1,(anonymous_5)
DA:10,1
DA:11,1
DA:16,1
DA:17,1
DA:21,1
DA:22,0
DA:27,0
DA:28,0
DA:29,0
DA:34,0
DA:35,0
DA:36,0
DA:37,0
DA:38,0
DA:42,0
DA:46,1
DA:47,1
LF:17
LH:7
BRDA:28,0,0,0
BRDA:28,0,1,0
BRF:2
BRH:0
end_of_record
TN:
SF:client/components/Header.jsx
FN:3,(anonymous_0)
FNF:1
FNH:0
FNDA:0,(anonymous_0)
DA:3,1
DA:4,0
DA:5,0
LF:3
LH:1
BRF:0
BRH:0
end_of_record
TN:
SF:client/components/RatingBar.jsx
FN:3,(anonymous_0)
FNF:1
FNH:0
FNDA:0,(anonymous_0)
DA:3,1
DA:4,0
LF:2
LH:1
BRF:0
BRH:0
end_of_record
TN:
SF:client/components/RatingsList.jsx
FN:4,(anonymous_0)
FN:8,(anonymous_1)
FNF:2
FNH:0
FNDA:0,(anonymous_0)
FNDA:0,(anonymous_1)
DA:4,1
DA:5,0
DA:6,0
DA:9,0
DA:10,0
LF:5
LH:1
BRDA:9,0,0,0
BRDA:9,0,1,0
BRF:2
BRH:0
end_of_record
TN:
SF:client/components/RatingsListItem.jsx
FN:4,(anonymous_0)
FNF:1
FNH:0
FNDA:0,(anonymous_0)
DA:4,1
DA:5,0
DA:6,0
LF:3
LH:1
BRF:0
BRH:0
end_of_record
TN:
SF:client/components/ReviewsList.jsx
FN:4,(anonymous_0)
FN:8,(anonymous_1)
FNF:2
FNH:0
FNDA:0,(anonymous_0)
FNDA:0,(anonymous_1)
DA:4,1
DA:5,0
DA:6,0
DA:9,0
LF:4
LH:1
BRF:0
BRH:0
end_of_record
TN:
SF:client/components/ReviewsListItem.jsx
FN:4,(anonymous_0)
FNF:1
FNH:0
FNDA:0,(anonymous_0)
DA:4,1
DA:5,0
DA:6,0
DA:7,0
LF:4
LH:1
BRF:0
BRH:0
end_of_record
TN:
SF:client/components/util.js
FN:1,(anonymous_0)
FNF:1
FNH:0
FNDA:0,(anonymous_0)
DA:1,1
DA:2,0
DA:3,0
DA:4,0
DA:5,0
LF:5
LH:1
BRF:0
BRH:0
end_of_record
TN:
SF:database/RoomAndReview.js
FNF:0
FNH:0
DA:1,1
DA:2,1
DA:4,1
DA:17,1
DA:25,1
DA:26,1
DA:28,1
LF:7
LH:7
BRF:0
BRH:0
end_of_record
TN:
SF:database/index.js
FN:9,(anonymous_0)
FNF:1
FNH:0
FNDA:0,(anonymous_0)
DA:1,1
DA:3,1
DA:5,1
DA:10,0
DA:14,1
DA:16,1
LF:6
LH:5
BRF:0
BRH:0
end_of_record
TN:
SF:database/util.js
FN:3,(anonymous_0)
FN:18,(anonymous_1)
FN:38,(anonymous_2)
FNF:3
FNH:3
FNDA:1,(anonymous_0)
FNDA:101,(anonymous_1)
FNDA:1,(anonymous_2)
DA:1,1
DA:3,1
DA:4,1
DA:5,1
DA:6,5000
DA:13,5000
DA:15,1
DA:18,1
DA:19,101
DA:27,101
DA:28,101
DA:29,101
DA:30,101
DA:31,606
DA:32,606
DA:34,101
DA:35,101
DA:38,1
DA:39,1
DA:40,1
DA:41,100
DA:45,100
DA:47,1
DA:50,1
LF:24
LH:24
BRF:0
BRH:0
end_of_record
